Determining if the pthread_create exist failed with the following output:
Change Dir: /home/hxp/catkin_learn/build/CMakeFiles/CMakeTmp

Run Build Command:"/usr/bin/make" "cmTC_e396d/fast"
/usr/bin/make -f CMakeFiles/cmTC_e396d.dir/build.make CMakeFiles/cmTC_e396d.dir/build
make[1]: Entering directory '/home/hxp/catkin_learn/build/CMakeFiles/CMakeTmp'
Building C object CMakeFiles/cmTC_e396d.dir/CheckSymbolExists.c.o
/usr/bin/cc     -o CMakeFiles/cmTC_e396d.dir/CheckSymbolExists.c.o   -c /home/hxp/catkin_learn/build/CMakeFiles/CMakeTmp/CheckSymbolExists.c
Linking C executable cmTC_e396d
/usr/bin/cmake -E cmake_link_script CMakeFiles/cmTC_e396d.dir/link.txt --verbose=1
/usr/bin/cc       CMakeFiles/cmTC_e396d.dir/CheckSymbolExists.c.o  -o cmTC_e396d -rdynamic 
CMakeFiles/cmTC_e396d.dir/CheckSymbolExists.c.o：在函数‘main’中：
CheckSymbolExists.c:(.text+0x16)：对‘pthread_create’未定义的引用
collect2: error: ld returned 1 exit status
CMakeFiles/cmTC_e396d.dir/build.make:97: recipe for target 'cmTC_e396d' failed
make[1]: *** [cmTC_e396d] Error 1
make[1]: Leaving directory '/home/hxp/catkin_learn/build/CMakeFiles/CMakeTmp'
Makefile:126: recipe for target 'cmTC_e396d/fast' failed
make: *** [cmTC_e396d/fast] Error 2

File /home/hxp/catkin_learn/build/CMakeFiles/CMakeTmp/CheckSymbolExists.c:
/* */
#include <pthread.h>

int main(int argc, char** argv)
{
  (void)argv;
#ifndef pthread_create
  return ((int*)(&pthread_create))[argc];
#else
  (void)argc;
  return 0;
#endif
}

Determining if the function pthread_create exists in the pthreads failed with the following output:
Change Dir: /home/hxp/catkin_learn/build/CMakeFiles/CMakeTmp

Run Build Command:"/usr/bin/make" "cmTC_1aff3/fast"
/usr/bin/make -f CMakeFiles/cmTC_1aff3.dir/build.make CMakeFiles/cmTC_1aff3.dir/build
make[1]: Entering directory '/home/hxp/catkin_learn/build/CMakeFiles/CMakeTmp'
Building C object CMakeFiles/cmTC_1aff3.dir/CheckFunctionExists.c.o
/usr/bin/cc    -DCHECK_FUNCTION_EXISTS=pthread_create   -o CMakeFiles/cmTC_1aff3.dir/CheckFunctionExists.c.o   -c /usr/share/cmake-3.5/Modules/CheckFunctionExists.c
Linking C executable cmTC_1aff3
/usr/bin/cmake -E cmake_link_script CMakeFiles/cmTC_1aff3.dir/link.txt --verbose=1
/usr/bin/cc   -DCHECK_FUNCTION_EXISTS=pthread_create    CMakeFiles/cmTC_1aff3.dir/CheckFunctionExists.c.o  -o cmTC_1aff3 -rdynamic -lpthreads 
/usr/bin/ld: 找不到 -lpthreads
collect2: error: ld returned 1 exit status
CMakeFiles/cmTC_1aff3.dir/build.make:97: recipe for target 'cmTC_1aff3' failed
make[1]: *** [cmTC_1aff3] Error 1
make[1]: Leaving directory '/home/hxp/catkin_learn/build/CMakeFiles/CMakeTmp'
Makefile:126: recipe for target 'cmTC_1aff3/fast' failed
make: *** [cmTC_1aff3/fast] Error 2


Determining if the include file pgm.h exists failed with the following output:
Change Dir: /home/hxp/catkin_learn/build/CMakeFiles/CMakeTmp

Run Build Command:"/usr/bin/make" "cmTC_e8004/fast"
make[1]: Entering directory '/home/hxp/catkin_learn/build/CMakeFiles/CMakeTmp'
/usr/bin/make -f CMakeFiles/cmTC_e8004.dir/build.make CMakeFiles/cmTC_e8004.dir/build
make[2]: Entering directory '/home/hxp/catkin_learn/build/CMakeFiles/CMakeTmp'
Building CXX object CMakeFiles/cmTC_e8004.dir/CheckIncludeFile.cxx.o
/usr/bin/c++      -o CMakeFiles/cmTC_e8004.dir/CheckIncludeFile.cxx.o -c /home/hxp/catkin_learn/build/CMakeFiles/CMakeTmp/CheckIncludeFile.cxx
/home/hxp/catkin_learn/build/CMakeFiles/CMakeTmp/CheckIncludeFile.cxx:1:17: fatal error: pgm.h: 没有那个文件或目录
compilation terminated.
CMakeFiles/cmTC_e8004.dir/build.make:65: recipe for target 'CMakeFiles/cmTC_e8004.dir/CheckIncludeFile.cxx.o' failed
make[2]: *** [CMakeFiles/cmTC_e8004.dir/CheckIncludeFile.cxx.o] Error 1
make[2]: Leaving directory '/home/hxp/catkin_learn/build/CMakeFiles/CMakeTmp'
Makefile:126: recipe for target 'cmTC_e8004/fast' failed
make[1]: *** [cmTC_e8004/fast] Error 2
make[1]: Leaving directory '/home/hxp/catkin_learn/build/CMakeFiles/CMakeTmp'


